PDF 服务已在运行: http://127.0.0.1:9000（复用，不启动）
pdf-auto: /Users/jafish/Documents/work/mineru-pdf-workflow/pdf/demo20/demo20.pdf
分段目录: /Users/jafish/Documents/work/mineru-pdf-workflow/pdf/demo20/segments
阈值: 0.82
重跑精度: high

[1/2] 验证分段覆盖率
通过: 1 段
需重跑: 0 段
需人工复核: 1 段
  [review_only] p0001-0010: 覆盖率 0.5607 (review_only_pages)
  [pass] p0011-0020: 覆盖率 0.8333 (coverage_ok)
  → 耗时 0.2s
[2/3] TOC 段修复
  p0001-0010: 跳过混合段（7/10 页目录），保留 MinerU 原始输出
  0 个 TOC 段: 121 条目（0级:28, 1级:93），来源: 文本层 x 坐标
  → 耗时 0.2s
[3/4] 合并 Markdown
  → 路径: /Users/jafish/Documents/work/mineru-pdf-workflow/pdf/demo20/demo20.md
  合并级 TOC 修复: 页码 2–8, 121 条目（0级:28, 1级:93），来源: 文本层 x 坐标
  → 耗时 0.2s
[4/5] 生成人工兜底清单
人工兜底清单已生成: /Users/jafish/Documents/work/mineru-pdf-workflow/pdf/demo20/review.md
  → 耗时 0.0s
