PDF 服务已在运行: http://127.0.0.1:9000（复用，不启动）
pdf-auto: /Users/jafish/Documents/work/mineru-pdf-workflow/pdf/demo5/demo5.pdf
分段目录: /Users/jafish/Documents/work/mineru-pdf-workflow/pdf/demo5/segments
阈值: 0.82
重跑精度: high

[1/2] 验证分段覆盖率
通过: 1 段
需重跑: 0 段
需人工复核: 4 段
  [pass] p0001-0001: 覆盖率 0.9574 (coverage_ok)
  [review_only] p0002-0002: 覆盖率 0.6617 (review_only_pages)
  [review_only] p0003-0003: 覆盖率 0.6254 (review_only_pages)
  [review_only] p0004-0004: 覆盖率 0.6713 (review_only_pages)
  [review_only] p0005-0005: 覆盖率 0.5709 (review_only_pages)
  → 耗时 0.1s
[2/3] TOC 段修复
  4 个 TOC 段: 78 条目（0级:16, 1级:62），来源: 文本层 x 坐标
  → 耗时 0.1s
[3/4] 合并 Markdown
  → 路径: /Users/jafish/Documents/work/mineru-pdf-workflow/pdf/demo5/demo5.md
  合并级 TOC 修复: 页码 2–5, 78 条目（0级:16, 1级:62），来源: 文本层 x 坐标
  → 耗时 0.2s
[4/5] 生成人工兜底清单
人工兜底清单已生成: /Users/jafish/Documents/work/mineru-pdf-workflow/pdf/demo5/review.md
  → 耗时 0.0s
