PDF 服务已在运行: http://127.0.0.1:9000（复用，不启动）
pdf-auto: /Users/jafish/Documents/work/mineru-pdf-workflow/pdf/demo60/demo60.pdf
分段目录: /Users/jafish/Documents/work/mineru-pdf-workflow/pdf/demo60/segments
阈值: 0.5
重跑精度: high

[1/2] 验证分段覆盖率
通过: 7 段
需重跑: 0 段
需人工复核: 1 段
  [review_only] p0001-0008: 覆盖率 0.4746 (review_only_pages)
  [pass] p0009-0016: 覆盖率 0.9932 (coverage_ok)
  [pass] p0017-0024: 覆盖率 0.9966 (coverage_ok)
  [pass] p0025-0032: 覆盖率 0.9921 (coverage_ok)
  [pass] p0033-0040: 覆盖率 0.986 (coverage_ok)
  [pass] p0041-0048: 覆盖率 0.9893 (coverage_ok)
  [pass] p0049-0056: 覆盖率 0.9948 (coverage_ok)
  [pass] p0057-0060: 覆盖率 0.9942 (coverage_ok)
  → 耗时 0.2s
[2/3] TOC 段修复
  p0001-0008: 跳过混合段（7/8 页目录），保留 MinerU 原始输出
  0 个 TOC 段: 121 条目（0级:28, 1级:93），来源: 文本层 x 坐标
  → 耗时 0.1s
[3/4] 合并 Markdown
  → 路径: /Users/jafish/Documents/work/mineru-pdf-workflow/pdf/demo60/demo60.md
  合并级 TOC 修复: 页码 2–8, 121 条目（0级:28, 1级:93），来源: 文本层 x 坐标
  → 耗时 0.2s
[4/5] 生成人工兜底清单
人工兜底清单已生成: /Users/jafish/Documents/work/mineru-pdf-workflow/pdf/demo60/review.md
  → 耗时 0.0s
