PDF 服务已在运行: http://127.0.0.1:9000（复用，不启动）
pdf-auto: /Users/jafish/Documents/work/mineru-pdf-workflow/pdf/demo5/demo5.pdf
分段目录: /Users/jafish/Documents/work/mineru-pdf-workflow/pdf/demo5/segments
阈值: 0.5
重跑精度: high

[1/2] 验证分段覆盖率
通过: 5 段
需重跑: 0 段
  [pass] p0001-0001: 覆盖率 0.9574 (coverage_ok)
  [pass] p0002-0002: 覆盖率 0.6617 (coverage_ok)
  [pass] p0003-0003: 覆盖率 0.6254 (coverage_ok)
  [pass] p0004-0004: 覆盖率 0.6713 (coverage_ok)
  [pass] p0005-0005: 覆盖率 0.5709 (coverage_ok)
  → 耗时 0.1s
[2/2] 合并 Markdown
  → 路径: /Users/jafish/Documents/work/mineru-pdf-workflow/pdf/demo5/demo5.md
  合并级 TOC 修复: 页码 2–5, 78 条目（0级:16, 1级:62），来源: 文本层 x 坐标
  p0002-0002: 条目召回 73/73 (100%) → passed
  p0003-0003: 条目召回 73/73 (100%) → passed
  p0004-0004: 条目召回 73/73 (100%) → passed
  p0005-0005: 条目召回 73/73 (100%) → passed
TOC 再验证完成: 4 段，全部通过
  → 输出: /Users/jafish/Documents/work/mineru-pdf-workflow/pdf/demo5/demo5.md
  → 耗时 0.2s
